<?xml version="1.0" encoding="UTF-8"?>
<!-- Generated by org.testng.reporters.JUnitReportReporter -->
<testsuite skipped="0" hostname="DESKTOP-NF0BJF6" name="all.selemium.commands.PageTitle" tests="1" failures="0" timestamp="27 Aug 2020 06:11:37 GMT" time="9.201" errors="0">
  <testcase name="getTitle" time="9.201" classname="all.selemium.commands.PageTitle"/>
</testsuite> <!-- all.selemium.commands.PageTitle -->
