<?xml version="1.0" encoding="UTF-8"?>
<!-- Generated by org.testng.reporters.JUnitReportReporter -->
<testsuite skipped="0" hostname="DESKTOP-NF0BJF6" name="all.selemium.commands.SizeOfWindow" tests="2" failures="0" timestamp="27 Aug 2020 06:10:51 GMT" time="26.494" errors="0">
  <testcase name="changeWindowSize" time="10.300" classname="all.selemium.commands.SizeOfWindow"/>
  <testcase name="windowSize" time="16.194" classname="all.selemium.commands.SizeOfWindow"/>
</testsuite> <!-- all.selemium.commands.SizeOfWindow -->
