<?xml version="1.0" encoding="UTF-8"?>
<!-- Generated by org.testng.reporters.JUnitReportReporter -->
<testsuite skipped="0" hostname="DESKTOP-NF0BJF6" name="all.selemium.commands.GetPosition" tests="2" failures="0" timestamp="16 Sep 2020 07:20:31 GMT" time="41.226" errors="0">
  <testcase name="changeBrowserPosition" time="23.144" classname="all.selemium.commands.GetPosition"/>
  <testcase name="getPosition" time="18.082" classname="all.selemium.commands.GetPosition"/>
</testsuite> <!-- all.selemium.commands.GetPosition -->
