<?xml version="1.0" encoding="UTF-8"?>
<!-- Generated by org.testng.reporters.JUnitReportReporter -->
<testsuite skipped="0" hostname="DESKTOP-NF0BJF6" name="all.selemium.commands.NavigateTo" tests="1" failures="0" timestamp="27 Aug 2020 06:12:18 GMT" time="25.627" errors="0">
  <testcase name="navigateTo" time="25.627" classname="all.selemium.commands.NavigateTo"/>
</testsuite> <!-- all.selemium.commands.NavigateTo -->
