<?xml version="1.0" encoding="UTF-8"?>
<!-- Generated by org.testng.reporters.JUnitReportReporter -->
<testsuite skipped="0" hostname="Ankit-PC" name="BasicSelenium" tests="1" failures="0" timestamp="17 Jun 2020 14:57:56 GMT" time="9.906" errors="0">
  <testcase name="WindowSize" time="9.906" classname="BasicSelenium"/>
</testsuite> <!-- BasicSelenium -->
